mode: set
2020_1_Color_noise/internal/pkg/board/repository/repository.go:16.50,21.2 1 1
2020_1_Color_noise/internal/pkg/board/repository/repository.go:23.65,28.16 4 1
2020_1_Color_noise/internal/pkg/board/repository/repository.go:32.2,32.16 1 1
2020_1_Color_noise/internal/pkg/board/repository/repository.go:28.16,30.3 1 1
2020_1_Color_noise/internal/pkg/board/repository/repository.go:35.63,41.16 3 1
2020_1_Color_noise/internal/pkg/board/repository/repository.go:45.2,47.16 3 1
2020_1_Color_noise/internal/pkg/board/repository/repository.go:51.2,51.20 1 1
2020_1_Color_noise/internal/pkg/board/repository/repository.go:41.16,43.3 1 1
2020_1_Color_noise/internal/pkg/board/repository/repository.go:47.16,49.3 1 1
2020_1_Color_noise/internal/pkg/board/repository/repository.go:54.95,60.16 3 1
2020_1_Color_noise/internal/pkg/board/repository/repository.go:64.2,64.31 1 1
2020_1_Color_noise/internal/pkg/board/repository/repository.go:72.2,72.20 1 1
2020_1_Color_noise/internal/pkg/board/repository/repository.go:60.16,62.3 1 0
2020_1_Color_noise/internal/pkg/board/repository/repository.go:64.31,67.17 3 1
2020_1_Color_noise/internal/pkg/board/repository/repository.go:67.17,69.4 1 0
2020_1_Color_noise/internal/pkg/board/repository/repository.go:75.67,81.16 3 1
2020_1_Color_noise/internal/pkg/board/repository/repository.go:85.2,86.16 2 1
2020_1_Color_noise/internal/pkg/board/repository/repository.go:90.2,90.20 1 1
2020_1_Color_noise/internal/pkg/board/repository/repository.go:81.16,83.3 1 0
2020_1_Color_noise/internal/pkg/board/repository/repository.go:86.16,88.3 1 0
2020_1_Color_noise/internal/pkg/board/repository/repository.go:93.93,109.16 3 1
2020_1_Color_noise/internal/pkg/board/repository/repository.go:113.2,113.31 1 1
2020_1_Color_noise/internal/pkg/board/repository/repository.go:121.2,121.20 1 1
2020_1_Color_noise/internal/pkg/board/repository/repository.go:109.16,111.3 1 0
2020_1_Color_noise/internal/pkg/board/repository/repository.go:113.31,116.17 3 1
2020_1_Color_noise/internal/pkg/board/repository/repository.go:116.17,118.4 1 1
2020_1_Color_noise/internal/pkg/board/repository/repository.go:124.57,126.16 2 1
2020_1_Color_noise/internal/pkg/board/repository/repository.go:129.2,129.12 1 1
2020_1_Color_noise/internal/pkg/board/repository/repository.go:126.16,128.3 1 0
2020_1_Color_noise/internal/pkg/board/repository/repository.go:132.58,138.16 3 1
2020_1_Color_noise/internal/pkg/board/repository/repository.go:142.2,142.12 1 1
2020_1_Color_noise/internal/pkg/board/repository/repository.go:138.16,140.3 1 0
