mode: set
2020_1_Color_noise/internal/pkg/database/comments.go:9.73,14.16 4 1
2020_1_Color_noise/internal/pkg/database/comments.go:17.2,17.16 1 1
2020_1_Color_noise/internal/pkg/database/comments.go:14.16,16.3 1 1
2020_1_Color_noise/internal/pkg/database/comments.go:20.65,22.16 2 1
2020_1_Color_noise/internal/pkg/database/comments.go:25.2,25.12 1 1
2020_1_Color_noise/internal/pkg/database/comments.go:22.16,24.3 1 0
2020_1_Color_noise/internal/pkg/database/comments.go:28.65,30.16 2 1
2020_1_Color_noise/internal/pkg/database/comments.go:33.2,33.12 1 1
2020_1_Color_noise/internal/pkg/database/comments.go:30.16,32.3 1 0
2020_1_Color_noise/internal/pkg/database/comments.go:36.84,41.15 4 1
2020_1_Color_noise/internal/pkg/database/comments.go:44.2,44.15 1 1
2020_1_Color_noise/internal/pkg/database/comments.go:41.15,43.3 1 1
2020_1_Color_noise/internal/pkg/database/comments.go:47.109,50.16 3 1
2020_1_Color_noise/internal/pkg/database/comments.go:54.2,54.15 1 1
2020_1_Color_noise/internal/pkg/database/comments.go:62.2,62.17 1 1
2020_1_Color_noise/internal/pkg/database/comments.go:50.16,52.3 1 0
2020_1_Color_noise/internal/pkg/database/comments.go:54.15,57.16 3 1
2020_1_Color_noise/internal/pkg/database/comments.go:60.3,60.26 1 1
2020_1_Color_noise/internal/pkg/database/comments.go:57.16,59.4 1 0
2020_1_Color_noise/internal/pkg/database/comments.go:65.108,68.16 3 1
2020_1_Color_noise/internal/pkg/database/comments.go:72.2,72.15 1 1
2020_1_Color_noise/internal/pkg/database/comments.go:80.2,80.17 1 1
2020_1_Color_noise/internal/pkg/database/comments.go:68.16,70.3 1 0
2020_1_Color_noise/internal/pkg/database/comments.go:72.15,75.16 3 1
2020_1_Color_noise/internal/pkg/database/comments.go:78.3,78.26 1 1
2020_1_Color_noise/internal/pkg/database/comments.go:75.16,77.4 1 0
2020_1_Color_noise/internal/pkg/database/service.go:14.24,16.2 1 1
2020_1_Color_noise/internal/pkg/database/service.go:18.37,37.22 4 1
2020_1_Color_noise/internal/pkg/database/service.go:41.2,42.16 2 1
2020_1_Color_noise/internal/pkg/database/service.go:46.2,46.12 1 1
2020_1_Color_noise/internal/pkg/database/service.go:37.22,39.3 1 1
2020_1_Color_noise/internal/pkg/database/service.go:42.16,44.3 1 0
2020_1_Color_noise/internal/pkg/database/service.go:49.32,52.2 2 1
2020_1_Color_noise/internal/pkg/database/service.go:54.31,55.22 1 1
2020_1_Color_noise/internal/pkg/database/service.go:58.2,58.42 1 0
2020_1_Color_noise/internal/pkg/database/service.go:55.22,57.3 1 1
2020_1_Color_noise/internal/pkg/database/boards.go:9.72,14.16 4 1
2020_1_Color_noise/internal/pkg/database/boards.go:17.2,17.16 1 1
2020_1_Color_noise/internal/pkg/database/boards.go:14.16,16.3 1 1
2020_1_Color_noise/internal/pkg/database/boards.go:20.64,23.16 2 1
2020_1_Color_noise/internal/pkg/database/boards.go:26.2,26.12 1 1
2020_1_Color_noise/internal/pkg/database/boards.go:23.16,25.3 1 0
2020_1_Color_noise/internal/pkg/database/boards.go:29.64,31.16 2 1
2020_1_Color_noise/internal/pkg/database/boards.go:34.2,34.12 1 1
2020_1_Color_noise/internal/pkg/database/boards.go:31.16,33.3 1 0
2020_1_Color_noise/internal/pkg/database/boards.go:37.81,42.16 4 1
2020_1_Color_noise/internal/pkg/database/boards.go:45.2,45.34 1 1
2020_1_Color_noise/internal/pkg/database/boards.go:42.16,44.3 1 1
2020_1_Color_noise/internal/pkg/database/boards.go:48.107,51.16 3 1
2020_1_Color_noise/internal/pkg/database/boards.go:55.2,55.17 1 1
2020_1_Color_noise/internal/pkg/database/boards.go:64.2,64.17 1 1
2020_1_Color_noise/internal/pkg/database/boards.go:51.16,53.3 1 0
2020_1_Color_noise/internal/pkg/database/boards.go:55.17,58.16 3 1
2020_1_Color_noise/internal/pkg/database/boards.go:61.3,62.24 2 1
2020_1_Color_noise/internal/pkg/database/boards.go:58.16,60.4 1 0
2020_1_Color_noise/internal/pkg/database/boards.go:67.105,70.16 3 1
2020_1_Color_noise/internal/pkg/database/boards.go:74.2,74.17 1 1
2020_1_Color_noise/internal/pkg/database/boards.go:83.2,83.17 1 1
2020_1_Color_noise/internal/pkg/database/boards.go:70.16,72.3 1 0
2020_1_Color_noise/internal/pkg/database/boards.go:74.17,77.16 3 1
2020_1_Color_noise/internal/pkg/database/boards.go:80.3,81.24 2 1
2020_1_Color_noise/internal/pkg/database/boards.go:77.16,79.4 1 0
2020_1_Color_noise/internal/pkg/database/boards.go:86.82,91.16 4 1
2020_1_Color_noise/internal/pkg/database/boards.go:95.2,95.32 1 1
2020_1_Color_noise/internal/pkg/database/boards.go:91.16,93.3 1 1
2020_1_Color_noise/internal/pkg/database/notifications.go:10.93,14.16 3 1
2020_1_Color_noise/internal/pkg/database/notifications.go:17.2,17.17 1 1
2020_1_Color_noise/internal/pkg/database/notifications.go:28.2,28.17 1 1
2020_1_Color_noise/internal/pkg/database/notifications.go:14.16,16.3 1 0
2020_1_Color_noise/internal/pkg/database/notifications.go:17.17,22.16 5 1
2020_1_Color_noise/internal/pkg/database/notifications.go:25.3,25.26 1 1
2020_1_Color_noise/internal/pkg/database/notifications.go:22.16,24.4 1 0
2020_1_Color_noise/internal/pkg/database/notifications.go:31.77,38.16 6 1
2020_1_Color_noise/internal/pkg/database/notifications.go:41.2,41.16 1 1
2020_1_Color_noise/internal/pkg/database/notifications.go:38.16,40.3 1 1
2020_1_Color_noise/internal/pkg/database/pin.go:10.66,16.16 4 1
2020_1_Color_noise/internal/pkg/database/pin.go:19.2,19.16 1 1
2020_1_Color_noise/internal/pkg/database/pin.go:16.16,18.3 1 1
2020_1_Color_noise/internal/pkg/database/pin.go:22.58,24.16 2 1
2020_1_Color_noise/internal/pkg/database/pin.go:34.2,34.12 1 1
2020_1_Color_noise/internal/pkg/database/pin.go:24.16,25.43 1 1
2020_1_Color_noise/internal/pkg/database/pin.go:25.43,26.24 1 1
2020_1_Color_noise/internal/pkg/database/pin.go:27.29,28.41 1 1
2020_1_Color_noise/internal/pkg/database/pin.go:29.12,30.39 1 0
2020_1_Color_noise/internal/pkg/database/pin.go:37.58,39.16 2 1
2020_1_Color_noise/internal/pkg/database/pin.go:42.2,42.12 1 1
2020_1_Color_noise/internal/pkg/database/pin.go:39.16,41.3 1 0
2020_1_Color_noise/internal/pkg/database/pin.go:45.73,50.16 4 1
2020_1_Color_noise/internal/pkg/database/pin.go:54.2,54.32 1 1
2020_1_Color_noise/internal/pkg/database/pin.go:50.16,52.3 1 1
2020_1_Color_noise/internal/pkg/database/pin.go:57.81,61.16 3 1
2020_1_Color_noise/internal/pkg/database/pin.go:64.2,64.17 1 1
2020_1_Color_noise/internal/pkg/database/pin.go:74.2,74.17 1 1
2020_1_Color_noise/internal/pkg/database/pin.go:61.16,63.3 1 0
2020_1_Color_noise/internal/pkg/database/pin.go:64.17,68.16 3 1
2020_1_Color_noise/internal/pkg/database/pin.go:71.3,72.24 2 1
2020_1_Color_noise/internal/pkg/database/pin.go:68.16,70.4 1 0
2020_1_Color_noise/internal/pkg/database/pin.go:77.79,81.16 3 1
2020_1_Color_noise/internal/pkg/database/pin.go:84.2,84.17 1 1
2020_1_Color_noise/internal/pkg/database/pin.go:94.2,94.17 1 1
2020_1_Color_noise/internal/pkg/database/pin.go:81.16,83.3 1 0
2020_1_Color_noise/internal/pkg/database/pin.go:84.17,88.16 3 1
2020_1_Color_noise/internal/pkg/database/pin.go:91.3,92.24 2 1
2020_1_Color_noise/internal/pkg/database/pin.go:88.16,90.4 1 0
2020_1_Color_noise/internal/pkg/database/pin.go:97.86,101.16 3 1
2020_1_Color_noise/internal/pkg/database/pin.go:104.2,104.17 1 1
2020_1_Color_noise/internal/pkg/database/pin.go:114.2,114.17 1 1
2020_1_Color_noise/internal/pkg/database/pin.go:101.16,103.3 1 0
2020_1_Color_noise/internal/pkg/database/pin.go:104.17,108.16 3 1
2020_1_Color_noise/internal/pkg/database/pin.go:111.3,112.24 2 1
2020_1_Color_noise/internal/pkg/database/pin.go:108.16,110.4 1 0
2020_1_Color_noise/internal/pkg/database/sessions.go:16.64,20.2 3 1
2020_1_Color_noise/internal/pkg/database/sessions.go:22.64,25.2 2 1
2020_1_Color_noise/internal/pkg/database/sessions.go:27.64,30.2 2 1
2020_1_Color_noise/internal/pkg/database/sessions.go:32.87,39.16 4 1
2020_1_Color_noise/internal/pkg/database/sessions.go:42.2,42.40 1 1
2020_1_Color_noise/internal/pkg/database/sessions.go:39.16,41.3 1 0
2020_1_Color_noise/internal/pkg/database/user.go:10.69,16.16 4 1
2020_1_Color_noise/internal/pkg/database/user.go:26.2,26.16 1 1
2020_1_Color_noise/internal/pkg/database/user.go:16.16,18.43 1 1
2020_1_Color_noise/internal/pkg/database/user.go:24.3,24.37 1 0
2020_1_Color_noise/internal/pkg/database/user.go:18.43,19.24 1 1
2020_1_Color_noise/internal/pkg/database/user.go:20.25,21.47 1 1
2020_1_Color_noise/internal/pkg/database/user.go:29.61,33.16 4 1
2020_1_Color_noise/internal/pkg/database/user.go:36.2,36.12 1 1
2020_1_Color_noise/internal/pkg/database/user.go:33.16,35.3 1 1
2020_1_Color_noise/internal/pkg/database/user.go:39.72,42.16 3 1
2020_1_Color_noise/internal/pkg/database/user.go:45.2,45.12 1 1
2020_1_Color_noise/internal/pkg/database/user.go:42.16,44.3 1 1
2020_1_Color_noise/internal/pkg/database/user.go:48.67,51.16 3 1
2020_1_Color_noise/internal/pkg/database/user.go:54.2,54.12 1 1
2020_1_Color_noise/internal/pkg/database/user.go:51.16,53.3 1 1
2020_1_Color_noise/internal/pkg/database/user.go:57.69,60.16 3 1
2020_1_Color_noise/internal/pkg/database/user.go:63.2,63.12 1 1
2020_1_Color_noise/internal/pkg/database/user.go:60.16,62.3 1 1
2020_1_Color_noise/internal/pkg/database/user.go:66.61,69.2 2 1
2020_1_Color_noise/internal/pkg/database/user.go:71.77,77.16 4 1
2020_1_Color_noise/internal/pkg/database/user.go:80.2,80.33 1 1
2020_1_Color_noise/internal/pkg/database/user.go:77.16,79.3 1 1
2020_1_Color_noise/internal/pkg/database/user.go:83.106,88.16 3 1
2020_1_Color_noise/internal/pkg/database/user.go:92.2,92.17 1 1
2020_1_Color_noise/internal/pkg/database/user.go:102.2,102.19 1 1
2020_1_Color_noise/internal/pkg/database/user.go:88.16,90.3 1 0
2020_1_Color_noise/internal/pkg/database/user.go:92.17,96.16 3 1
2020_1_Color_noise/internal/pkg/database/user.go:99.3,100.28 2 1
2020_1_Color_noise/internal/pkg/database/user.go:96.16,98.4 1 0
2020_1_Color_noise/internal/pkg/database/user.go:105.79,111.16 4 1
2020_1_Color_noise/internal/pkg/database/user.go:114.2,114.33 1 1
2020_1_Color_noise/internal/pkg/database/user.go:111.16,113.3 1 1
2020_1_Color_noise/internal/pkg/database/user.go:117.80,124.16 4 1
2020_1_Color_noise/internal/pkg/database/user.go:127.2,127.33 1 1
2020_1_Color_noise/internal/pkg/database/user.go:124.16,126.3 1 0
2020_1_Color_noise/internal/pkg/database/user.go:130.47,135.16 4 1
2020_1_Color_noise/internal/pkg/database/user.go:138.2,138.12 1 1
2020_1_Color_noise/internal/pkg/database/user.go:135.16,137.3 1 0
2020_1_Color_noise/internal/pkg/database/user.go:141.49,145.16 4 1
2020_1_Color_noise/internal/pkg/database/user.go:148.2,148.12 1 0
2020_1_Color_noise/internal/pkg/database/user.go:145.16,147.3 1 1
2020_1_Color_noise/internal/pkg/database/user.go:151.86,157.16 4 1
2020_1_Color_noise/internal/pkg/database/user.go:160.2,160.17 1 1
2020_1_Color_noise/internal/pkg/database/user.go:157.16,159.3 1 0
2020_1_Color_noise/internal/pkg/database/user.go:163.84,169.16 4 1
2020_1_Color_noise/internal/pkg/database/user.go:173.2,173.17 1 1
2020_1_Color_noise/internal/pkg/database/user.go:169.16,171.3 1 0
2020_1_Color_noise/internal/pkg/database/user.go:176.84,180.16 3 1
2020_1_Color_noise/internal/pkg/database/user.go:184.2,184.17 1 1
2020_1_Color_noise/internal/pkg/database/user.go:194.2,194.19 1 1
2020_1_Color_noise/internal/pkg/database/user.go:180.16,182.3 1 0
2020_1_Color_noise/internal/pkg/database/user.go:184.17,188.16 3 0
2020_1_Color_noise/internal/pkg/database/user.go:191.3,192.28 2 0
2020_1_Color_noise/internal/pkg/database/user.go:188.16,190.4 1 0
2020_1_Color_noise/internal/pkg/database/user.go:197.84,201.16 3 1
2020_1_Color_noise/internal/pkg/database/user.go:205.2,205.17 1 1
2020_1_Color_noise/internal/pkg/database/user.go:215.2,215.19 1 1
2020_1_Color_noise/internal/pkg/database/user.go:201.16,203.3 1 0
2020_1_Color_noise/internal/pkg/database/user.go:205.17,209.16 3 0
2020_1_Color_noise/internal/pkg/database/user.go:212.3,213.28 2 0
2020_1_Color_noise/internal/pkg/database/user.go:209.16,211.4 1 0
2020_1_Color_noise/internal/pkg/database/feed.go:8.96,12.16 3 1
2020_1_Color_noise/internal/pkg/database/feed.go:15.2,15.17 1 1
2020_1_Color_noise/internal/pkg/database/feed.go:25.2,25.17 1 1
2020_1_Color_noise/internal/pkg/database/feed.go:12.16,14.3 1 0
2020_1_Color_noise/internal/pkg/database/feed.go:15.17,19.16 3 1
2020_1_Color_noise/internal/pkg/database/feed.go:22.3,23.24 2 1
2020_1_Color_noise/internal/pkg/database/feed.go:19.16,21.4 1 0
2020_1_Color_noise/internal/pkg/database/feed.go:28.97,32.16 3 1
2020_1_Color_noise/internal/pkg/database/feed.go:35.2,35.17 1 1
2020_1_Color_noise/internal/pkg/database/feed.go:45.2,45.17 1 1
2020_1_Color_noise/internal/pkg/database/feed.go:32.16,34.3 1 0
2020_1_Color_noise/internal/pkg/database/feed.go:35.17,39.16 3 1
2020_1_Color_noise/internal/pkg/database/feed.go:42.3,43.24 2 1
2020_1_Color_noise/internal/pkg/database/feed.go:39.16,41.4 1 0
2020_1_Color_noise/internal/pkg/database/feed.go:48.96,52.16 3 1
2020_1_Color_noise/internal/pkg/database/feed.go:55.2,55.17 1 1
2020_1_Color_noise/internal/pkg/database/feed.go:65.2,65.17 1 1
2020_1_Color_noise/internal/pkg/database/feed.go:52.16,54.3 1 0
2020_1_Color_noise/internal/pkg/database/feed.go:55.17,59.16 3 1
2020_1_Color_noise/internal/pkg/database/feed.go:62.3,63.24 2 1
2020_1_Color_noise/internal/pkg/database/feed.go:59.16,61.4 1 0
